c:\users\phuc khai\desktop\my game\ninja gaiden\ninja gaiden\x64\debug\vc141.pdb
c:\users\phuc khai\desktop\my game\ninja gaiden\ninja gaiden\x64\debug\vc141.idb
c:\users\phuc khai\desktop\my game\ninja gaiden\ninja gaiden\x64\debug\main.obj
c:\users\phuc khai\desktop\my game\ninja gaiden\ninja gaiden\x64\debug\machinegunguy.obj
c:\users\phuc khai\desktop\my game\ninja gaiden\ninja gaiden\x64\debug\katana.obj
c:\users\phuc khai\desktop\my game\ninja gaiden\ninja gaiden\x64\debug\imformation.obj
c:\users\phuc khai\desktop\my game\ninja gaiden\ninja gaiden\x64\debug\ground.obj
c:\users\phuc khai\desktop\my game\ninja gaiden\ninja gaiden\x64\debug\grid.obj
c:\users\phuc khai\desktop\my game\ninja gaiden\ninja gaiden\x64\debug\gamestatemanager.obj
c:\users\phuc khai\desktop\my game\ninja gaiden\ninja gaiden\x64\debug\gamestate3.obj
c:\users\phuc khai\desktop\my game\ninja gaiden\ninja gaiden\x64\debug\gamestate2.obj
c:\users\phuc khai\desktop\my game\ninja gaiden\ninja gaiden\x64\debug\gamestate1.obj
c:\users\phuc khai\desktop\my game\ninja gaiden\ninja gaiden\x64\debug\gamestate.obj
c:\users\phuc khai\desktop\my game\ninja gaiden\ninja gaiden\x64\debug\gameobject.obj
c:\users\phuc khai\desktop\my game\ninja gaiden\ninja gaiden\x64\debug\game.obj
c:\users\phuc khai\desktop\my game\ninja gaiden\ninja gaiden\x64\debug\dxutil.obj
c:\users\phuc khai\desktop\my game\ninja gaiden\ninja gaiden\x64\debug\dxsound.obj
c:\users\phuc khai\desktop\my game\ninja gaiden\ninja gaiden\x64\debug\dsutil.obj
c:\users\phuc khai\desktop\my game\ninja gaiden\ninja gaiden\x64\debug\debug.obj
c:\users\phuc khai\desktop\my game\ninja gaiden\ninja gaiden\x64\debug\deadeffect.obj
c:\users\phuc khai\desktop\my game\ninja gaiden\ninja gaiden\x64\debug\camera.obj
c:\users\phuc khai\desktop\my game\ninja gaiden\ninja gaiden\x64\debug\brick.obj
c:\users\phuc khai\desktop\my game\ninja gaiden\ninja gaiden\x64\debug\weapons.obj
c:\users\phuc khai\desktop\my game\ninja gaiden\ninja gaiden\x64\debug\tilemap.obj
c:\users\phuc khai\desktop\my game\ninja gaiden\ninja gaiden\x64\debug\textures.obj
c:\users\phuc khai\desktop\my game\ninja gaiden\ninja gaiden\x64\debug\swordman.obj
c:\users\phuc khai\desktop\my game\ninja gaiden\ninja gaiden\x64\debug\sprites.obj
c:\users\phuc khai\desktop\my game\ninja gaiden\ninja gaiden\x64\debug\ryu.obj
c:\users\phuc khai\desktop\my game\ninja gaiden\ninja gaiden\x64\debug\runner.obj
c:\users\phuc khai\desktop\my game\ninja gaiden\ninja gaiden\x64\debug\panther.obj
c:\users\phuc khai\desktop\my game\ninja gaiden\x64\debug\ninja gaiden.exe
c:\users\phuc khai\desktop\my game\ninja gaiden\x64\debug\ninja gaiden.ilk
c:\users\phuc khai\desktop\my game\ninja gaiden\x64\debug\ninja gaiden.pdb
c:\users\phuc khai\desktop\my game\ninja gaiden\ninja gaiden\x64\debug\ninja gaiden.tlog\cl.command.1.tlog
c:\users\phuc khai\desktop\my game\ninja gaiden\ninja gaiden\x64\debug\ninja gaiden.tlog\cl.read.1.tlog
c:\users\phuc khai\desktop\my game\ninja gaiden\ninja gaiden\x64\debug\ninja gaiden.tlog\cl.write.1.tlog
c:\users\phuc khai\desktop\my game\ninja gaiden\ninja gaiden\x64\debug\ninja gaiden.tlog\link.command.1.tlog
c:\users\phuc khai\desktop\my game\ninja gaiden\ninja gaiden\x64\debug\ninja gaiden.tlog\link.read.1.tlog
c:\users\phuc khai\desktop\my game\ninja gaiden\ninja gaiden\x64\debug\ninja gaiden.tlog\link.write.1.tlog
